[debug] [2023-09-15T12:41:58.359Z] ----------------------------------------------------------------------
[debug] [2023-09-15T12:41:58.361Z] Command:       C:\Program Files\nodejs\node.exe C:\Users\Артем\AppData\Roaming\npm\node_modules\firebase-tools\lib\bin\firebase.js init
[debug] [2023-09-15T12:41:58.362Z] CLI Version:   12.5.4
[debug] [2023-09-15T12:41:58.362Z] Platform:      win32
[debug] [2023-09-15T12:41:58.362Z] Node Version:  v16.14.0
[debug] [2023-09-15T12:41:58.363Z] Time:          Fri Sep 15 2023 15:41:58 GMT+0300 (за східноєвропейським літнім часом)
[debug] [2023-09-15T12:41:58.364Z] ----------------------------------------------------------------------
[debug] 
[debug] [2023-09-15T12:41:58.375Z] > command requires scopes: ["email","openid","https://www.googleapis.com/auth/cloudplatformprojects.readonly","https://www.googleapis.com/auth/firebase","https://www.googleapis.com/auth/cloud-platform"]
[debug] [2023-09-15T12:41:58.376Z] > authorizing via signed-in user (artemonchik456@gmail.com)
[info] 
     ######## #### ########  ######## ########     ###     ######  ########
     ##        ##  ##     ## ##       ##     ##  ##   ##  ##       ##
     ######    ##  ########  ######   ########  #########  ######  ######
     ##        ##  ##    ##  ##       ##     ## ##     ##       ## ##
     ##       #### ##     ## ######## ########  ##     ##  ######  ########

You're about to initialize a Firebase project in this directory:

  D:\Projects\GansRandom\app

[info] 
=== Project Setup
[info] 
[info] First, let's associate this project directory with a Firebase project.
[info] You can create multiple project aliases by running firebase use --add, 
[info] but for now we'll just set up a default project.
[info] 
[debug] [2023-09-15T12:43:22.047Z] >>> [apiv2][query] GET https://firebase.googleapis.com/v1beta1/projects pageSize=100
[debug] [2023-09-15T12:43:22.699Z] <<< [apiv2][status] GET https://firebase.googleapis.com/v1beta1/projects 200
[debug] [2023-09-15T12:43:22.700Z] <<< [apiv2][body] GET https://firebase.googleapis.com/v1beta1/projects [omitted]
[info] i  Using project gans-random (Gans Random) 
[info] 
=== Hosting Setup
[info] 
[info] Your public directory is the folder (relative to your project directory) that
[info] will contain Hosting assets to be uploaded with firebase deploy. If you
[info] have a build process for your assets, use your build's output directory.
[info] 
